d:\shuttle-efm-source\edge540\x64\release\vc142.pdb
d:\shuttle-efm-source\edge540\x64\release\dllmain.obj
d:\shuttle-efm-source\edge540\x64\release\shuttle.real.pch
d:\shuttle-efm-source\edge540\x64\release\stdafx.obj
c:\users\jgrin\saved games\dcs.openbeta\mods\aircraft\top-gear-shuttle\bin\shuttle.real.dll
d:\shuttle-efm-source\edge540\x64\release\shuttle.real.ipdb
d:\shuttle-efm-source\edge540\x64\release\shuttle.real.iobj
c:\users\jgrin\saved games\dcs.openbeta\mods\aircraft\top-gear-shuttle\bin\shuttle.real.pdb
c:\users\jgrin\saved games\dcs.openbeta\mods\aircraft\top-gear-shuttle\bin\shuttle.real.lib
c:\users\jgrin\saved games\dcs.openbeta\mods\aircraft\top-gear-shuttle\bin\shuttle.real.exp
c:\users\jgrin\saved games\dcs.openbeta\mods\aircraft\top-gear-shuttle\bin\shuttle.lib
c:\users\jgrin\saved games\dcs.openbeta\mods\aircraft\top-gear-shuttle\bin\shuttle.exp
d:\shuttle-efm-source\edge540\x64\release\shuttle.ipdb
d:\shuttle-efm-source\edge540\x64\release\shuttle.iobj
d:\shuttle-efm-source\edge540\x64\release\shuttle.pch
d:\shuttle-efm-source\edge540\x64\release\shuttle.tlog\cl.command.1.tlog
d:\shuttle-efm-source\edge540\x64\release\shuttle.tlog\cl.read.1.tlog
d:\shuttle-efm-source\edge540\x64\release\shuttle.tlog\cl.write.1.tlog
d:\shuttle-efm-source\edge540\x64\release\shuttle.tlog\link.command.1.tlog
d:\shuttle-efm-source\edge540\x64\release\shuttle.tlog\link.delete.1.tlog
d:\shuttle-efm-source\edge540\x64\release\shuttle.tlog\link.read.1.tlog
d:\shuttle-efm-source\edge540\x64\release\shuttle.tlog\link.write.1.tlog
d:\shuttle-efm-source\edge540\x64\release\shuttle.tlog\shuttle.write.1u.tlog
